Connecting to database specified by database.yml
Connecting to database specified by database.yml
Connecting to database specified by database.yml
Connecting to database specified by database.yml
Connecting to database specified by database.yml
Connecting to database specified by database.yml
Connecting to database specified by database.yml
Connecting to database specified by database.yml
Connecting to database specified by database.yml
Connecting to database specified by database.yml
  [1m[36m (0.1ms)[0m  [1mselect sqlite_version(*)[0m
  [1m[35m (0.9ms)[0m  CREATE TABLE "schema_migrations" ("version" varchar(255) NOT NULL) 
  [1m[36m (0.8ms)[0m  [1mCREATE UNIQUE INDEX "unique_schema_migrations" ON "schema_migrations" ("version")[0m
  [1m[35m (3.4ms)[0m  SELECT "schema_migrations"."version" FROM "schema_migrations" 
Migrating to CreateUsers (20140625203630)
  [1m[36m (0.0ms)[0m  [1mbegin transaction[0m
  [1m[35m (0.3ms)[0m  CREATE TABLE "users" ("id" INTEGER PRIMARY KEY AUTOINCREMENT NOT NULL, "created_at" datetime NOT NULL, "updated_at" datetime NOT NULL) 
  [1m[36m (0.1ms)[0m  [1mINSERT INTO "schema_migrations" ("version") VALUES ('20140625203630')[0m
  [1m[35m (0.6ms)[0m  commit transaction
Migrating to AddFirstNameToUser (20140625205056)
  [1m[36m (0.0ms)[0m  [1mbegin transaction[0m
  [1m[35m (0.3ms)[0m  ALTER TABLE "users" ADD "first_name" varchar(255)
  [1m[36m (0.1ms)[0m  [1mINSERT INTO "schema_migrations" ("version") VALUES ('20140625205056')[0m
  [1m[35m (0.5ms)[0m  commit transaction
Migrating to AddLastNameToUser (20140625205304)
  [1m[36m (0.0ms)[0m  [1mbegin transaction[0m
  [1m[35m (0.3ms)[0m  ALTER TABLE "users" ADD "last_name" varchar(255)
  [1m[36m (0.1ms)[0m  [1mINSERT INTO "schema_migrations" ("version") VALUES ('20140625205304')[0m
  [1m[35m (0.6ms)[0m  commit transaction
Migrating to AddEmailToUser (20140625205340)
  [1m[36m (0.0ms)[0m  [1mbegin transaction[0m
  [1m[35m (0.3ms)[0m  ALTER TABLE "users" ADD "email" varchar(255)
  [1m[36m (0.1ms)[0m  [1mINSERT INTO "schema_migrations" ("version") VALUES ('20140625205340')[0m
  [1m[35m (0.6ms)[0m  commit transaction
Migrating to AddPasswordToUser (20140625205354)
  [1m[36m (0.0ms)[0m  [1mbegin transaction[0m
  [1m[35m (0.3ms)[0m  ALTER TABLE "users" ADD "password" varchar(255)
  [1m[36m (0.1ms)[0m  [1mINSERT INTO "schema_migrations" ("version") VALUES ('20140625205354')[0m
  [1m[35m (0.6ms)[0m  commit transaction
Migrating to AddPasswordConfirmationToUser (20140625205414)
  [1m[36m (0.0ms)[0m  [1mbegin transaction[0m
  [1m[35m (0.3ms)[0m  ALTER TABLE "users" ADD "password_confirmation" varchar(255)
  [1m[36m (0.1ms)[0m  [1mINSERT INTO "schema_migrations" ("version") VALUES ('20140625205414')[0m
  [1m[35m (0.6ms)[0m  commit transaction
Migrating to AddTempPasswordToUser (20140625205437)
  [1m[36m (0.0ms)[0m  [1mbegin transaction[0m
  [1m[35m (0.3ms)[0m  ALTER TABLE "users" ADD "temp_password" varchar(255)
  [1m[36m (0.1ms)[0m  [1mINSERT INTO "schema_migrations" ("version") VALUES ('20140625205437')[0m
  [1m[35m (0.6ms)[0m  commit transaction
  [1m[36m (0.1ms)[0m  [1mSELECT "schema_migrations"."version" FROM "schema_migrations" [0m
Connecting to database specified by database.yml
Connecting to database specified by database.yml


Started GET "/api/users" for 127.0.0.1 at 2014-06-26 13:04:58 -0700

ActionController::RoutingError (uninitialized constant Api):
  activesupport (3.2.13) lib/active_support/inflector/methods.rb:230:in `block in constantize'
  activesupport (3.2.13) lib/active_support/inflector/methods.rb:229:in `each'
  activesupport (3.2.13) lib/active_support/inflector/methods.rb:229:in `constantize'
  actionpack (3.2.13) lib/action_dispatch/routing/route_set.rb:69:in `controller_reference'
  actionpack (3.2.13) lib/action_dispatch/routing/route_set.rb:54:in `controller'
  actionpack (3.2.13) lib/action_dispatch/routing/route_set.rb:32:in `call'
  journey (1.0.4) lib/journey/router.rb:68:in `block in call'
  journey (1.0.4) lib/journey/router.rb:56:in `each'
  journey (1.0.4) lib/journey/router.rb:56:in `call'
  actionpack (3.2.13) lib/action_dispatch/routing/route_set.rb:612:in `call'
  actionpack (3.2.13) lib/action_dispatch/middleware/best_standards_support.rb:17:in `call'
  rack (1.4.5) lib/rack/etag.rb:23:in `call'
  rack (1.4.5) lib/rack/conditionalget.rb:25:in `call'
  actionpack (3.2.13) lib/action_dispatch/middleware/head.rb:14:in `call'
  actionpack (3.2.13) lib/action_dispatch/middleware/params_parser.rb:21:in `call'
  actionpack (3.2.13) lib/action_dispatch/middleware/flash.rb:242:in `call'
  rack (1.4.5) lib/rack/session/abstract/id.rb:210:in `context'
  rack (1.4.5) lib/rack/session/abstract/id.rb:205:in `call'
  actionpack (3.2.13) lib/action_dispatch/middleware/cookies.rb:341:in `call'
  activerecord (3.2.13) lib/active_record/query_cache.rb:64:in `call'
  activerecord (3.2.13) lib/active_record/connection_adapters/abstract/connection_pool.rb:479:in `call'
  actionpack (3.2.13) lib/action_dispatch/middleware/callbacks.rb:28:in `block in call'
  activesupport (3.2.13) lib/active_support/callbacks.rb:405:in `_run__3895760495214510427__call__816824309978783642__callbacks'
  activesupport (3.2.13) lib/active_support/callbacks.rb:405:in `__run_callback'
  activesupport (3.2.13) lib/active_support/callbacks.rb:385:in `_run_call_callbacks'
  activesupport (3.2.13) lib/active_support/callbacks.rb:81:in `run_callbacks'
  actionpack (3.2.13) lib/action_dispatch/middleware/callbacks.rb:27:in `call'
  actionpack (3.2.13) lib/action_dispatch/middleware/reloader.rb:65:in `call'
  actionpack (3.2.13) lib/action_dispatch/middleware/remote_ip.rb:31:in `call'
  actionpack (3.2.13) lib/action_dispatch/middleware/debug_exceptions.rb:16:in `call'
  actionpack (3.2.13) lib/action_dispatch/middleware/show_exceptions.rb:56:in `call'
  railties (3.2.13) lib/rails/rack/logger.rb:32:in `call_app'
  railties (3.2.13) lib/rails/rack/logger.rb:16:in `block in call'
  activesupport (3.2.13) lib/active_support/tagged_logging.rb:22:in `tagged'
  railties (3.2.13) lib/rails/rack/logger.rb:16:in `call'
  actionpack (3.2.13) lib/action_dispatch/middleware/request_id.rb:22:in `call'
  rack (1.4.5) lib/rack/methodoverride.rb:21:in `call'
  rack (1.4.5) lib/rack/runtime.rb:17:in `call'
  activesupport (3.2.13) lib/active_support/cache/strategy/local_cache.rb:72:in `call'
  rack (1.4.5) lib/rack/lock.rb:15:in `call'
  actionpack (3.2.13) lib/action_dispatch/middleware/static.rb:63:in `call'
  railties (3.2.13) lib/rails/engine.rb:479:in `call'
  railties (3.2.13) lib/rails/application.rb:223:in `call'
  rack (1.4.5) lib/rack/content_length.rb:14:in `call'
  railties (3.2.13) lib/rails/rack/log_tailer.rb:17:in `call'
  rack (1.4.5) lib/rack/handler/webrick.rb:59:in `service'
  /Users/aleph/.rvm/rubies/ruby-1.9.3-p448/lib/ruby/1.9.1/webrick/httpserver.rb:138:in `service'
  /Users/aleph/.rvm/rubies/ruby-1.9.3-p448/lib/ruby/1.9.1/webrick/httpserver.rb:94:in `run'
  /Users/aleph/.rvm/rubies/ruby-1.9.3-p448/lib/ruby/1.9.1/webrick/server.rb:191:in `block in start_thread'


  Rendered /Users/aleph/.rvm/gems/ruby-1.9.3-p448/gems/actionpack-3.2.13/lib/action_dispatch/middleware/templates/rescues/routing_error.erb within rescues/layout (24.5ms)


Started POST "/api/users" for 127.0.0.1 at 2014-06-26 13:14:25 -0700

ActionController::RoutingError (uninitialized constant Api):
  activesupport (3.2.13) lib/active_support/inflector/methods.rb:230:in `block in constantize'
  activesupport (3.2.13) lib/active_support/inflector/methods.rb:229:in `each'
  activesupport (3.2.13) lib/active_support/inflector/methods.rb:229:in `constantize'
  actionpack (3.2.13) lib/action_dispatch/routing/route_set.rb:69:in `controller_reference'
  actionpack (3.2.13) lib/action_dispatch/routing/route_set.rb:54:in `controller'
  actionpack (3.2.13) lib/action_dispatch/routing/route_set.rb:32:in `call'
  journey (1.0.4) lib/journey/router.rb:68:in `block in call'
  journey (1.0.4) lib/journey/router.rb:56:in `each'
  journey (1.0.4) lib/journey/router.rb:56:in `call'
  actionpack (3.2.13) lib/action_dispatch/routing/route_set.rb:612:in `call'
  actionpack (3.2.13) lib/action_dispatch/middleware/best_standards_support.rb:17:in `call'
  rack (1.4.5) lib/rack/etag.rb:23:in `call'
  rack (1.4.5) lib/rack/conditionalget.rb:35:in `call'
  actionpack (3.2.13) lib/action_dispatch/middleware/head.rb:14:in `call'
  actionpack (3.2.13) lib/action_dispatch/middleware/params_parser.rb:21:in `call'
  actionpack (3.2.13) lib/action_dispatch/middleware/flash.rb:242:in `call'
  rack (1.4.5) lib/rack/session/abstract/id.rb:210:in `context'
  rack (1.4.5) lib/rack/session/abstract/id.rb:205:in `call'
  actionpack (3.2.13) lib/action_dispatch/middleware/cookies.rb:341:in `call'
  activerecord (3.2.13) lib/active_record/query_cache.rb:64:in `call'
  activerecord (3.2.13) lib/active_record/connection_adapters/abstract/connection_pool.rb:479:in `call'
  actionpack (3.2.13) lib/action_dispatch/middleware/callbacks.rb:28:in `block in call'
  activesupport (3.2.13) lib/active_support/callbacks.rb:405:in `_run__3895760495214510427__call__816824309978783642__callbacks'
  activesupport (3.2.13) lib/active_support/callbacks.rb:405:in `__run_callback'
  activesupport (3.2.13) lib/active_support/callbacks.rb:385:in `_run_call_callbacks'
  activesupport (3.2.13) lib/active_support/callbacks.rb:81:in `run_callbacks'
  actionpack (3.2.13) lib/action_dispatch/middleware/callbacks.rb:27:in `call'
  actionpack (3.2.13) lib/action_dispatch/middleware/reloader.rb:65:in `call'
  actionpack (3.2.13) lib/action_dispatch/middleware/remote_ip.rb:31:in `call'
  actionpack (3.2.13) lib/action_dispatch/middleware/debug_exceptions.rb:16:in `call'
  actionpack (3.2.13) lib/action_dispatch/middleware/show_exceptions.rb:56:in `call'
  railties (3.2.13) lib/rails/rack/logger.rb:32:in `call_app'
  railties (3.2.13) lib/rails/rack/logger.rb:16:in `block in call'
  activesupport (3.2.13) lib/active_support/tagged_logging.rb:22:in `tagged'
  railties (3.2.13) lib/rails/rack/logger.rb:16:in `call'
  actionpack (3.2.13) lib/action_dispatch/middleware/request_id.rb:22:in `call'
  rack (1.4.5) lib/rack/methodoverride.rb:21:in `call'
  rack (1.4.5) lib/rack/runtime.rb:17:in `call'
  activesupport (3.2.13) lib/active_support/cache/strategy/local_cache.rb:72:in `call'
  rack (1.4.5) lib/rack/lock.rb:15:in `call'
  actionpack (3.2.13) lib/action_dispatch/middleware/static.rb:63:in `call'
  railties (3.2.13) lib/rails/engine.rb:479:in `call'
  railties (3.2.13) lib/rails/application.rb:223:in `call'
  rack (1.4.5) lib/rack/content_length.rb:14:in `call'
  railties (3.2.13) lib/rails/rack/log_tailer.rb:17:in `call'
  rack (1.4.5) lib/rack/handler/webrick.rb:59:in `service'
  /Users/aleph/.rvm/rubies/ruby-1.9.3-p448/lib/ruby/1.9.1/webrick/httpserver.rb:138:in `service'
  /Users/aleph/.rvm/rubies/ruby-1.9.3-p448/lib/ruby/1.9.1/webrick/httpserver.rb:94:in `run'
  /Users/aleph/.rvm/rubies/ruby-1.9.3-p448/lib/ruby/1.9.1/webrick/server.rb:191:in `block in start_thread'


  Rendered /Users/aleph/.rvm/gems/ruby-1.9.3-p448/gems/actionpack-3.2.13/lib/action_dispatch/middleware/templates/rescues/routing_error.erb within rescues/layout (1.1ms)
Connecting to database specified by database.yml


Started GET "/api/users" for 127.0.0.1 at 2014-06-26 13:23:50 -0700

ActionController::RoutingError - uninitialized constant Api:
  actionpack (3.2.13) lib/action_dispatch/routing/route_set.rb:57:in `rescue in controller'
  actionpack (3.2.13) lib/action_dispatch/routing/route_set.rb:52:in `controller'
  actionpack (3.2.13) lib/action_dispatch/routing/route_set.rb:32:in `call'
  journey (1.0.4) lib/journey/router.rb:68:in `block in call'
  journey (1.0.4) lib/journey/router.rb:56:in `call'
  actionpack (3.2.13) lib/action_dispatch/routing/route_set.rb:612:in `call'
  actionpack (3.2.13) lib/action_dispatch/middleware/best_standards_support.rb:17:in `call'
  rack (1.4.5) lib/rack/etag.rb:23:in `call'
  rack (1.4.5) lib/rack/conditionalget.rb:25:in `call'
  actionpack (3.2.13) lib/action_dispatch/middleware/head.rb:14:in `call'
  actionpack (3.2.13) lib/action_dispatch/middleware/params_parser.rb:21:in `call'
  actionpack (3.2.13) lib/action_dispatch/middleware/flash.rb:242:in `call'
  rack (1.4.5) lib/rack/session/abstract/id.rb:210:in `context'
  rack (1.4.5) lib/rack/session/abstract/id.rb:205:in `call'
  actionpack (3.2.13) lib/action_dispatch/middleware/cookies.rb:341:in `call'
  activerecord (3.2.13) lib/active_record/query_cache.rb:64:in `call'
  activerecord (3.2.13) lib/active_record/connection_adapters/abstract/connection_pool.rb:479:in `call'
  actionpack (3.2.13) lib/action_dispatch/middleware/callbacks.rb:28:in `block in call'
  activesupport (3.2.13) lib/active_support/callbacks.rb:405:in `_run__2798139729202115865__call__3575484446157947570__callbacks'
  activesupport (3.2.13) lib/active_support/callbacks.rb:405:in `__run_callback'
  activesupport (3.2.13) lib/active_support/callbacks.rb:385:in `_run_call_callbacks'
  activesupport (3.2.13) lib/active_support/callbacks.rb:81:in `run_callbacks'
  actionpack (3.2.13) lib/action_dispatch/middleware/callbacks.rb:27:in `call'
  actionpack (3.2.13) lib/action_dispatch/middleware/reloader.rb:65:in `call'
  actionpack (3.2.13) lib/action_dispatch/middleware/remote_ip.rb:31:in `call'
  better_errors (1.1.0) lib/better_errors/middleware.rb:84:in `protected_app_call'
  better_errors (1.1.0) lib/better_errors/middleware.rb:79:in `better_errors_call'
  better_errors (1.1.0) lib/better_errors/middleware.rb:56:in `call'
  actionpack (3.2.13) lib/action_dispatch/middleware/debug_exceptions.rb:16:in `call'
  actionpack (3.2.13) lib/action_dispatch/middleware/show_exceptions.rb:56:in `call'
  railties (3.2.13) lib/rails/rack/logger.rb:32:in `call_app'
  railties (3.2.13) lib/rails/rack/logger.rb:16:in `block in call'
  activesupport (3.2.13) lib/active_support/tagged_logging.rb:22:in `tagged'
  railties (3.2.13) lib/rails/rack/logger.rb:16:in `call'
  actionpack (3.2.13) lib/action_dispatch/middleware/request_id.rb:22:in `call'
  rack (1.4.5) lib/rack/methodoverride.rb:21:in `call'
  rack (1.4.5) lib/rack/runtime.rb:17:in `call'
  activesupport (3.2.13) lib/active_support/cache/strategy/local_cache.rb:72:in `call'
  rack (1.4.5) lib/rack/lock.rb:15:in `call'
  actionpack (3.2.13) lib/action_dispatch/middleware/static.rb:63:in `call'
  railties (3.2.13) lib/rails/engine.rb:479:in `call'
  railties (3.2.13) lib/rails/application.rb:223:in `call'
  rack (1.4.5) lib/rack/content_length.rb:14:in `call'
  railties (3.2.13) lib/rails/rack/log_tailer.rb:17:in `call'
  rack (1.4.5) lib/rack/handler/webrick.rb:59:in `service'
  /Users/aleph/.rvm/rubies/ruby-1.9.3-p448/lib/ruby/1.9.1/webrick/httpserver.rb:138:in `service'
  /Users/aleph/.rvm/rubies/ruby-1.9.3-p448/lib/ruby/1.9.1/webrick/httpserver.rb:94:in `run'
  /Users/aleph/.rvm/rubies/ruby-1.9.3-p448/lib/ruby/1.9.1/webrick/server.rb:191:in `block in start_thread'



Started POST "/__better_errors/70187855245880/variables" for 127.0.0.1 at 2014-06-26 13:23:50 -0700
Connecting to database specified by database.yml


Started GET "/api/users" for 127.0.0.1 at 2014-06-26 13:40:28 -0700
Processing by Api::UsersController#index as XML
Filter chain halted as #<Proc:0x007f801576d5a8@/Users/aleph/.rvm/gems/ruby-1.9.3-p448/gems/actionpack-3.2.13/lib/action_controller/metal/http_authentication.rb:112> rendered or redirected
Completed 401 Unauthorized in 0ms (ActiveRecord: 0.0ms)


Started GET "/api/users" for 127.0.0.1 at 2014-06-26 13:40:56 -0700
Processing by Api::UsersController#index as XML
Filter chain halted as #<Proc:0x007f801576d5a8@/Users/aleph/.rvm/gems/ruby-1.9.3-p448/gems/actionpack-3.2.13/lib/action_controller/metal/http_authentication.rb:112> rendered or redirected
Completed 401 Unauthorized in 0ms (ActiveRecord: 0.0ms)


Started GET "/api/users" for 127.0.0.1 at 2014-06-26 13:41:25 -0700
Processing by Api::UsersController#index as XML
  [1m[36mUser Load (0.3ms)[0m  [1mSELECT "users".* FROM "users" [0m
Completed 200 OK in 56ms (Views: 12.7ms | ActiveRecord: 2.3ms)


Started GET "/api/users" for 127.0.0.1 at 2014-06-26 13:56:32 -0700
Processing by Api::UsersController#index as JSON
Filter chain halted as #<Proc:0x007f80153a4098@/Users/aleph/.rvm/gems/ruby-1.9.3-p448/gems/actionpack-3.2.13/lib/action_controller/metal/http_authentication.rb:112> rendered or redirected
Completed 401 Unauthorized in 2ms (ActiveRecord: 0.0ms)


Started GET "/api/users" for 127.0.0.1 at 2014-06-26 13:56:40 -0700
Processing by Api::UsersController#index as JSON
  [1m[35mUser Load (0.1ms)[0m  SELECT "users".* FROM "users" 
Completed 200 OK in 2ms (Views: 0.1ms | ActiveRecord: 0.5ms)


Started POST "/api/users" for 127.0.0.1 at 2014-06-26 13:57:44 -0700
Processing by Api::UsersController#create as JSON
  Parameters: {"    {\n     \"email\" : \"test@yopmail.com\", \n     \"first_name\" : \"thefonso\", \n     \"last_name\" : \"smith\"\n    }"=>nil}
WARNING: Can't verify CSRF token authenticity
  [1m[36m (0.1ms)[0m  [1mbegin transaction[0m
  [1m[35mUser Exists (0.1ms)[0m  SELECT 1 AS one FROM "users" WHERE "users"."email" IS NULL LIMIT 1
  [1m[36m (0.0ms)[0m  [1mrollback transaction[0m
Completed 201 Created in 57ms (Views: 0.2ms | ActiveRecord: 0.3ms)


Started POST "/api/users" for 127.0.0.1 at 2014-06-26 14:05:27 -0700
Processing by Api::UsersController#create as JSON
  Parameters: {"email"=>"test@yopmail.com", "first_name"=>"thefonso", "last_name"=>"smith", "user"=>{"first_name"=>"thefonso", "last_name"=>"smith", "email"=>"test@yopmail.com"}}
WARNING: Can't verify CSRF token authenticity
  [1m[35m (0.1ms)[0m  begin transaction
  [1m[36mUser Exists (0.1ms)[0m  [1mSELECT 1 AS one FROM "users" WHERE "users"."email" = 'test@yopmail.com' LIMIT 1[0m
  [1m[35mSQL (5.5ms)[0m  INSERT INTO "users" ("created_at", "email", "first_name", "last_name", "password", "password_confirmation", "temp_password", "updated_at") VALUES (?, ?, ?, ?, ?, ?, ?, ?)  [["created_at", Thu, 26 Jun 2014 21:05:27 UTC +00:00], ["email", "test@yopmail.com"], ["first_name", "thefonso"], ["last_name", "smith"], ["password", nil], ["password_confirmation", nil], ["temp_password", "oimxwzky"], ["updated_at", Thu, 26 Jun 2014 21:05:27 UTC +00:00]]
  [1m[36m (3.9ms)[0m  [1mcommit transaction[0m
Completed 201 Created in 20ms (Views: 0.5ms | ActiveRecord: 9.5ms)
Connecting to database specified by database.yml


Started POST "/api/users" for 127.0.0.1 at 2014-06-26 14:50:23 -0700
Processing by Api::UsersController#create as JSON
  Parameters: {"email"=>"test@yopmail.com", "first_name"=>"agent", "last_name"=>"smith", "user"=>{"first_name"=>"agent", "last_name"=>"smith", "email"=>"test@yopmail.com"}}
WARNING: Can't verify CSRF token authenticity
  [1m[36m (0.3ms)[0m  [1mbegin transaction[0m
  [1m[35mUser Exists (0.8ms)[0m  SELECT 1 AS one FROM "users" WHERE "users"."email" = 'test@yopmail.com' LIMIT 1
  [1m[36m (0.4ms)[0m  [1mrollback transaction[0m
Completed 201 Created in 297ms (Views: 1.3ms | ActiveRecord: 14.1ms)


Started POST "/api/users" for 127.0.0.1 at 2014-06-26 14:50:53 -0700
Processing by Api::UsersController#create as JSON
  Parameters: {"email"=>"agent_smith@yopmail.com", "first_name"=>"agent", "last_name"=>"smith", "user"=>{"first_name"=>"agent", "last_name"=>"smith", "email"=>"agent_smith@yopmail.com"}}
WARNING: Can't verify CSRF token authenticity
  [1m[35m (0.1ms)[0m  begin transaction
  [1m[36mUser Exists (0.1ms)[0m  [1mSELECT 1 AS one FROM "users" WHERE "users"."email" = 'agent_smith@yopmail.com' LIMIT 1[0m
  [1m[35mSQL (5.7ms)[0m  INSERT INTO "users" ("created_at", "email", "first_name", "last_name", "password", "password_confirmation", "temp_password", "updated_at") VALUES (?, ?, ?, ?, ?, ?, ?, ?)  [["created_at", Thu, 26 Jun 2014 21:50:53 UTC +00:00], ["email", "agent_smith@yopmail.com"], ["first_name", "agent"], ["last_name", "smith"], ["password", nil], ["password_confirmation", nil], ["temp_password", "fyuxstiq"], ["updated_at", Thu, 26 Jun 2014 21:50:53 UTC +00:00]]
  [1m[36m (4.5ms)[0m  [1mcommit transaction[0m
Completed 201 Created in 16ms (Views: 0.6ms | ActiveRecord: 10.4ms)
Connecting to database specified by database.yml


Started GET "/api/users.json" for 127.0.0.1 at 2014-06-27 09:06:25 -0700
Processing by Api::UsersController#index as JSON
  [1m[36mUser Load (0.3ms)[0m  [1mSELECT "users".* FROM "users" [0m
Completed 200 OK in 62ms (Views: 2.8ms | ActiveRecord: 3.7ms)


Started POST "/api/users" for 127.0.0.1 at 2014-06-27 09:08:30 -0700
Processing by Api::UsersController#create as JSON
  Parameters: {"utf8"=>"✓", "authenticity_token"=>"8SfdjDU3gPL4rj2fuF+8iviF0AagbGcP+mr5T+pfhrU=", "email"=>"all@base.org", "first_name"=>"neo", "last_name"=>"reeves", "commit"=>"save", "user"=>{"first_name"=>"neo", "last_name"=>"reeves", "email"=>"all@base.org"}}
WARNING: Can't verify CSRF token authenticity
  [1m[35m (0.2ms)[0m  begin transaction
  [1m[36mUser Exists (0.2ms)[0m  [1mSELECT 1 AS one FROM "users" WHERE "users"."email" = 'all@base.org' LIMIT 1[0m
  [1m[35mSQL (6.4ms)[0m  INSERT INTO "users" ("created_at", "email", "first_name", "last_name", "password", "password_confirmation", "temp_password", "updated_at") VALUES (?, ?, ?, ?, ?, ?, ?, ?)  [["created_at", Fri, 27 Jun 2014 16:08:30 UTC +00:00], ["email", "all@base.org"], ["first_name", "neo"], ["last_name", "reeves"], ["password", nil], ["password_confirmation", nil], ["temp_password", "icmvlpot"], ["updated_at", Fri, 27 Jun 2014 16:08:30 UTC +00:00]]
  [1m[36m (5.0ms)[0m  [1mcommit transaction[0m
Completed 201 Created in 50ms (Views: 0.4ms | ActiveRecord: 11.8ms)


Started GET "/api/users.json" for 127.0.0.1 at 2014-06-27 09:08:30 -0700
Processing by Api::UsersController#index as JSON
  [1m[35mUser Load (0.4ms)[0m  SELECT "users".* FROM "users" 
Completed 200 OK in 6ms (Views: 3.2ms | ActiveRecord: 0.4ms)


Started POST "/api/users" for 127.0.0.1 at 2014-06-27 12:05:16 -0700
Processing by Api::UsersController#create as JSON
  Parameters: {"email"=>"alfonso@mail.com", "first_name"=>"alfonso", "last_name"=>"rush", "user"=>{"first_name"=>"alfonso", "last_name"=>"rush", "email"=>"alfonso@mail.com"}}
WARNING: Can't verify CSRF token authenticity
  [1m[36m (0.1ms)[0m  [1mbegin transaction[0m
  [1m[35mUser Exists (0.1ms)[0m  SELECT 1 AS one FROM "users" WHERE "users"."email" = 'alfonso@mail.com' LIMIT 1
  [1m[36mSQL (0.4ms)[0m  [1mINSERT INTO "users" ("created_at", "email", "first_name", "last_name", "password", "password_confirmation", "temp_password", "updated_at") VALUES (?, ?, ?, ?, ?, ?, ?, ?)[0m  [["created_at", Fri, 27 Jun 2014 19:05:16 UTC +00:00], ["email", "alfonso@mail.com"], ["first_name", "alfonso"], ["last_name", "rush"], ["password", nil], ["password_confirmation", nil], ["temp_password", "gshciymw"], ["updated_at", Fri, 27 Jun 2014 19:05:16 UTC +00:00]]
  [1m[35m (4.2ms)[0m  commit transaction
Completed 201 Created in 8ms (Views: 0.5ms | ActiveRecord: 4.8ms)
